  Circumference.cpp
D:\Навчання\Labs\Pr2semester\Lab7\Lab7FigureClassificator\Lab7FigureClassificator\AreableFigure.h(10,1): error C2011: AreableFigure: переопределение типа "class"
D:\Навчання\Labs\Pr2semester\Lab7\Lab7FigureClassificator\Lab7FigureClassificator\AreableFigure.h(3): message : см. объявление "AreableFigure"
D:\Навчання\Labs\Pr2semester\Lab7\Lab7FigureClassificator\Lab7FigureClassificator\Point.h(19,1): error C2011: Point: переопределение типа "class"
D:\Навчання\Labs\Pr2semester\Lab7\Lab7FigureClassificator\Lab7FigureClassificator\Point.h(3): message : см. объявление "Point"
D:\Навчання\Labs\Pr2semester\Lab7\Lab7FigureClassificator\Lab7FigureClassificator\Circumference.h(6,31): warning C4305: инициализация: усечение из "double" в "float"
D:\Навчання\Labs\Pr2semester\Lab7\Lab7FigureClassificator\Lab7FigureClassificator\Circumference.h(9,1): error C2504: AreableFigure: не определен базовый класс
D:\Навчання\Labs\Pr2semester\Lab7\Lab7FigureClassificator\Lab7FigureClassificator\Circumference.h(15,19): error C2079: "Circumference::centerPoint" использует не имеющую определения структуру class "Point"
D:\Навчання\Labs\Pr2semester\Lab7\Lab7FigureClassificator\Lab7FigureClassificator\Circumference.h(20,1): error C2011: Circumference: переопределение типа "class"
D:\Навчання\Labs\Pr2semester\Lab7\Lab7FigureClassificator\Lab7FigureClassificator\Circumference.h(8): message : см. объявление "Circumference"
D:\Навчання\Labs\Pr2semester\Lab7\Lab7FigureClassificator\Lab7FigureClassificator\Circumference.cpp(3,16): error C2027: использование неопределенного типа "Circumference"
D:\Навчання\Labs\Pr2semester\Lab7\Lab7FigureClassificator\Lab7FigureClassificator\Circumference.h(8): message : см. объявление "Circumference"
D:\Навчання\Labs\Pr2semester\Lab7\Lab7FigureClassificator\Lab7FigureClassificator\Circumference.cpp(4,1): error C4430: отсутствует спецификатор типа - предполагается int. Примечание. C++ не поддерживает int по умолчанию
D:\Навчання\Labs\Pr2semester\Lab7\Lab7FigureClassificator\Lab7FigureClassificator\Circumference.cpp(5,2): error C2355: "this": может указываться только в нестатических членах-функциях или инициализаторах нестатических членов данных
D:\Навчання\Labs\Pr2semester\Lab7\Lab7FigureClassificator\Lab7FigureClassificator\Circumference.cpp(6,2): error C2355: "this": может указываться только в нестатических членах-функциях или инициализаторах нестатических членов данных
D:\Навчання\Labs\Pr2semester\Lab7\Lab7FigureClassificator\Lab7FigureClassificator\Circumference.cpp(7,1): warning C4508: {ctor}: функция должна возвращать значение; предполагается возвращаемый тип "void"
  Lab7FigureClassificator.cpp
D:\Навчання\Labs\Pr2semester\Lab7\Lab7FigureClassificator\Lab7FigureClassificator\AreableFigure.h(10,1): error C2011: AreableFigure: переопределение типа "class"
D:\Навчання\Labs\Pr2semester\Lab7\Lab7FigureClassificator\Lab7FigureClassificator\AreableFigure.h(3): message : см. объявление "AreableFigure"
D:\Навчання\Labs\Pr2semester\Lab7\Lab7FigureClassificator\Lab7FigureClassificator\Point.h(19,1): error C2011: Point: переопределение типа "class"
D:\Навчання\Labs\Pr2semester\Lab7\Lab7FigureClassificator\Lab7FigureClassificator\Point.h(3): message : см. объявление "Point"
D:\Навчання\Labs\Pr2semester\Lab7\Lab7FigureClassificator\Lab7FigureClassificator\Polygon.h(7,1): error C2504: AreableFigure: не определен базовый класс
D:\Навчання\Labs\Pr2semester\Lab7\Lab7FigureClassificator\Lab7FigureClassificator\Triangle.h(15,15): error C2079: "Triangle::vertex1" использует не имеющую определения структуру class "Point"
D:\Навчання\Labs\Pr2semester\Lab7\Lab7FigureClassificator\Lab7FigureClassificator\Triangle.h(16,15): error C2079: "Triangle::vertex2" использует не имеющую определения структуру class "Point"
D:\Навчання\Labs\Pr2semester\Lab7\Lab7FigureClassificator\Lab7FigureClassificator\Triangle.h(17,15): error C2079: "Triangle::vertex3" использует не имеющую определения структуру class "Point"
D:\Навчання\Labs\Pr2semester\Lab7\Lab7FigureClassificator\Lab7FigureClassificator\Triangle.h(9,19): error C2027: использование неопределенного типа "Point"
D:\Навчання\Labs\Pr2semester\Lab7\Lab7FigureClassificator\Lab7FigureClassificator\Point.h(3): message : см. объявление "Point"
D:\Навчання\Labs\Pr2semester\Lab7\Lab7FigureClassificator\Lab7FigureClassificator\Triangle.h(10,19): error C2027: использование неопределенного типа "Point"
D:\Навчання\Labs\Pr2semester\Lab7\Lab7FigureClassificator\Lab7FigureClassificator\Point.h(3): message : см. объявление "Point"
D:\Навчання\Labs\Pr2semester\Lab7\Lab7FigureClassificator\Lab7FigureClassificator\Triangle.h(11,19): error C2027: использование неопределенного типа "Point"
D:\Навчання\Labs\Pr2semester\Lab7\Lab7FigureClassificator\Lab7FigureClassificator\Point.h(3): message : см. объявление "Point"
D:\Навчання\Labs\Pr2semester\Lab7\Lab7FigureClassificator\Lab7FigureClassificator\IsoscelesTriangle.h(8,19): error C2027: использование неопределенного типа "Point"
D:\Навчання\Labs\Pr2semester\Lab7\Lab7FigureClassificator\Lab7FigureClassificator\Point.h(3): message : см. объявление "Point"
D:\Навчання\Labs\Pr2semester\Lab7\Lab7FigureClassificator\Lab7FigureClassificator\IsoscelesTriangle.h(9,19): error C2027: использование неопределенного типа "Point"
D:\Навчання\Labs\Pr2semester\Lab7\Lab7FigureClassificator\Lab7FigureClassificator\Point.h(3): message : см. объявление "Point"
D:\Навчання\Labs\Pr2semester\Lab7\Lab7FigureClassificator\Lab7FigureClassificator\IsoscelesTriangle.h(10,19): error C2027: использование неопределенного типа "Point"
D:\Навчання\Labs\Pr2semester\Lab7\Lab7FigureClassificator\Lab7FigureClassificator\Point.h(3): message : см. объявление "Point"
D:\Навчання\Labs\Pr2semester\Lab7\Lab7FigureClassificator\Lab7FigureClassificator\EquilateralTriangle.h(6,2): error C2512: IsoscelesTriangle: нет подходящего конструктора по умолчанию
D:\Навчання\Labs\Pr2semester\Lab7\Lab7FigureClassificator\Lab7FigureClassificator\IsoscelesTriangle.h(3,7): message : см. объявление "IsoscelesTriangle"
D:\Навчання\Labs\Pr2semester\Lab7\Lab7FigureClassificator\Lab7FigureClassificator\EquilateralTriangle.h(8,19): error C2027: использование неопределенного типа "Point"
D:\Навчання\Labs\Pr2semester\Lab7\Lab7FigureClassificator\Lab7FigureClassificator\Point.h(3): message : см. объявление "Point"
D:\Навчання\Labs\Pr2semester\Lab7\Lab7FigureClassificator\Lab7FigureClassificator\EquilateralTriangle.h(9,19): error C2027: использование неопределенного типа "Point"
D:\Навчання\Labs\Pr2semester\Lab7\Lab7FigureClassificator\Lab7FigureClassificator\Point.h(3): message : см. объявление "Point"
D:\Навчання\Labs\Pr2semester\Lab7\Lab7FigureClassificator\Lab7FigureClassificator\EquilateralTriangle.h(10,19): error C2027: использование неопределенного типа "Point"
D:\Навчання\Labs\Pr2semester\Lab7\Lab7FigureClassificator\Lab7FigureClassificator\Point.h(3): message : см. объявление "Point"
D:\Навчання\Labs\Pr2semester\Lab7\Lab7FigureClassificator\Lab7FigureClassificator\EquilateralTriangle.h(15,1): error C2011: EquilateralTriangle: переопределение типа "class"
D:\Навчання\Labs\Pr2semester\Lab7\Lab7FigureClassificator\Lab7FigureClassificator\EquilateralTriangle.h(3): message : см. объявление "EquilateralTriangle"
D:\Навчання\Labs\Pr2semester\Lab7\Lab7FigureClassificator\Lab7FigureClassificator\RightTriangle.h(8,19): error C2027: использование неопределенного типа "Point"
D:\Навчання\Labs\Pr2semester\Lab7\Lab7FigureClassificator\Lab7FigureClassificator\Point.h(3): message : см. объявление "Point"
D:\Навчання\Labs\Pr2semester\Lab7\Lab7FigureClassificator\Lab7FigureClassificator\RightTriangle.h(9,19): error C2027: использование неопределенного типа "Point"
D:\Навчання\Labs\Pr2semester\Lab7\Lab7FigureClassificator\Lab7FigureClassificator\Point.h(3): message : см. объявление "Point"
D:\Навчання\Labs\Pr2semester\Lab7\Lab7FigureClassificator\Lab7FigureClassificator\RightTriangle.h(10,19): error C2027: использование неопределенного типа "Point"
D:\Навчання\Labs\Pr2semester\Lab7\Lab7FigureClassificator\Lab7FigureClassificator\Point.h(3): message : см. объявление "Point"
D:\Навчання\Labs\Pr2semester\Lab7\Lab7FigureClassificator\Lab7FigureClassificator\RightIsoscelesTriangle.h(7,2): error C2512: IsoscelesTriangle: нет подходящего конструктора по умолчанию
D:\Навчання\Labs\Pr2semester\Lab7\Lab7FigureClassificator\Lab7FigureClassificator\IsoscelesTriangle.h(3,7): message : см. объявление "IsoscelesTriangle"
D:\Навчання\Labs\Pr2semester\Lab7\Lab7FigureClassificator\Lab7FigureClassificator\RightIsoscelesTriangle.h(7,2): error C2512: RightTriangle: нет подходящего конструктора по умолчанию
D:\Навчання\Labs\Pr2semester\Lab7\Lab7FigureClassificator\Lab7FigureClassificator\RightTriangle.h(3,7): message : см. объявление "RightTriangle"
D:\Навчання\Labs\Pr2semester\Lab7\Lab7FigureClassificator\Lab7FigureClassificator\RightIsoscelesTriangle.h(9,19): error C2027: использование неопределенного типа "Point"
D:\Навчання\Labs\Pr2semester\Lab7\Lab7FigureClassificator\Lab7FigureClassificator\Point.h(3): message : см. объявление "Point"
D:\Навчання\Labs\Pr2semester\Lab7\Lab7FigureClassificator\Lab7FigureClassificator\RightIsoscelesTriangle.h(10,19): error C2027: использование неопределенного типа "Point"
D:\Навчання\Labs\Pr2semester\Lab7\Lab7FigureClassificator\Lab7FigureClassificator\Point.h(3): message : см. объявление "Point"
D:\Навчання\Labs\Pr2semester\Lab7\Lab7FigureClassificator\Lab7FigureClassificator\RightIsoscelesTriangle.h(11,19): error C2027: использование неопределенного типа "Point"
D:\Навчання\Labs\Pr2semester\Lab7\Lab7FigureClassificator\Lab7FigureClassificator\Point.h(3): message : см. объявление "Point"
D:\Навчання\Labs\Pr2semester\Lab7\Lab7FigureClassificator\Lab7FigureClassificator\Quadrilateral.h(14,15): error C2079: "Quadrilateral::vertex1" использует не имеющую определения структуру class "Point"
D:\Навчання\Labs\Pr2semester\Lab7\Lab7FigureClassificator\Lab7FigureClassificator\Quadrilateral.h(15,15): error C2079: "Quadrilateral::vertex2" использует не имеющую определения структуру class "Point"
D:\Навчання\Labs\Pr2semester\Lab7\Lab7FigureClassificator\Lab7FigureClassificator\Quadrilateral.h(16,15): error C2079: "Quadrilateral::vertex3" использует не имеющую определения структуру class "Point"
D:\Навчання\Labs\Pr2semester\Lab7\Lab7FigureClassificator\Lab7FigureClassificator\Quadrilateral.h(17,15): error C2079: "Quadrilateral::vertex4" использует не имеющую определения структуру class "Point"
D:\Навчання\Labs\Pr2semester\Lab7\Lab7FigureClassificator\Lab7FigureClassificator\Quadrilateral.h(8,19): error C2027: использование неопределенного типа "Point"
D:\Навчання\Labs\Pr2semester\Lab7\Lab7FigureClassificator\Lab7FigureClassificator\Point.h(3): message : см. объявление "Point"
D:\Навчання\Labs\Pr2semester\Lab7\Lab7FigureClassificator\Lab7FigureClassificator\Quadrilateral.h(9,19): error C2027: использование неопределенного типа "Point"
D:\Навчання\Labs\Pr2semester\Lab7\Lab7FigureClassificator\Lab7FigureClassificator\Point.h(3): message : см. объявление "Point"
D:\Навчання\Labs\Pr2semester\Lab7\Lab7FigureClassificator\Lab7FigureClassificator\Quadrilateral.h(10,19): error C2027: использование неопределенного типа "Point"
D:\Навчання\Labs\Pr2semester\Lab7\Lab7FigureClassificator\Lab7FigureClassificator\Point.h(3): message : см. объявление "Point"
D:\Навчання\Labs\Pr2semester\Lab7\Lab7FigureClassificator\Lab7FigureClassificator\Quadrilateral.h(11,19): error C2027: использование неопределенного типа "Point"
D:\Навчання\Labs\Pr2semester\Lab7\Lab7FigureClassificator\Lab7FigureClassificator\Point.h(3): message : см. объявление "Point"
D:\Навчання\Labs\Pr2semester\Lab7\Lab7FigureClassificator\Lab7FigureClassificator\Kite.h(8,19): error C2027: использование неопределенного типа "Point"
D:\Навчання\Labs\Pr2semester\Lab7\Lab7FigureClassificator\Lab7FigureClassificator\Point.h(3): message : см. объявление "Point"
D:\Навчання\Labs\Pr2semester\Lab7\Lab7FigureClassificator\Lab7FigureClassificator\Kite.h(9,19): error C2027: использование неопределенного типа "Point"
D:\Навчання\Labs\Pr2semester\Lab7\Lab7FigureClassificator\Lab7FigureClassificator\Point.h(3): message : см. объявление "Point"
D:\Навчання\Labs\Pr2semester\Lab7\Lab7FigureClassificator\Lab7FigureClassificator\Kite.h(10,19): error C2027: использование неопределенного типа "Point"
D:\Навчання\Labs\Pr2semester\Lab7\Lab7FigureClassificator\Lab7FigureClassificator\Point.h(3): message : см. объявление "Point"
D:\Навчання\Labs\Pr2semester\Lab7\Lab7FigureClassificator\Lab7FigureClassificator\Kite.h(11,19): error C2027: использование неопределенного типа "Point"
D:\Навчання\Labs\Pr2semester\Lab7\Lab7FigureClassificator\Lab7FigureClassificator\Point.h(3): message : см. объявление "Point"
D:\Навчання\Labs\Pr2semester\Lab7\Lab7FigureClassificator\Lab7FigureClassificator\Trapezoid.h(8,19): error C2027: использование неопределенного типа "Point"
D:\Навчання\Labs\Pr2semester\Lab7\Lab7FigureClassificator\Lab7FigureClassificator\Point.h(3): message : см. объявление "Point"
D:\Навчання\Labs\Pr2semester\Lab7\Lab7FigureClassificator\Lab7FigureClassificator\Trapezoid.h(9,19): error C2027: использование неопределенного типа "Point"
D:\Навчання\Labs\Pr2semester\Lab7\Lab7FigureClassificator\Lab7FigureClassificator\Point.h(3): message : см. объявление "Point"
D:\Навчання\Labs\Pr2semester\Lab7\Lab7FigureClassificator\Lab7FigureClassificator\Trapezoid.h(10,19): error C2027: использование неопределенного типа "Point"
D:\Навчання\Labs\Pr2semester\Lab7\Lab7FigureClassificator\Lab7FigureClassificator\Point.h(3): message : см. объявление "Point"
D:\Навчання\Labs\Pr2semester\Lab7\Lab7FigureClassificator\Lab7FigureClassificator\Trapezoid.h(11,19): error C2027: использование неопределенного типа "Point"
D:\Навчання\Labs\Pr2semester\Lab7\Lab7FigureClassificator\Lab7FigureClassificator\Point.h(3): message : см. объявление "Point"
D:\Навчання\Labs\Pr2semester\Lab7\Lab7FigureClassificator\Lab7FigureClassificator\Paralelogram.h(6,2): error C2512: Trapezoid: нет подходящего конструктора по умолчанию
D:\Навчання\Labs\Pr2semester\Lab7\Lab7FigureClassificator\Lab7FigureClassificator\Trapezoid.h(3,7): message : см. объявление "Trapezoid"
D:\Навчання\Labs\Pr2semester\Lab7\Lab7FigureClassificator\Lab7FigureClassificator\Paralelogram.h(8,19): error C2027: использование неопределенного типа "Point"
D:\Навчання\Labs\Pr2semester\Lab7\Lab7FigureClassificator\Lab7FigureClassificator\Point.h(3): message : см. объявление "Point"
D:\Навчання\Labs\Pr2semester\Lab7\Lab7FigureClassificator\Lab7FigureClassificator\Paralelogram.h(9,19): error C2027: использование неопределенного типа "Point"
D:\Навчання\Labs\Pr2semester\Lab7\Lab7FigureClassificator\Lab7FigureClassificator\Point.h(3): message : см. объявление "Point"
D:\Навчання\Labs\Pr2semester\Lab7\Lab7FigureClassificator\Lab7FigureClassificator\Paralelogram.h(10,19): error C2027: использование неопределенного типа "Point"
D:\Навчання\Labs\Pr2semester\Lab7\Lab7FigureClassificator\Lab7FigureClassificator\Point.h(3): message : см. объявление "Point"
D:\Навчання\Labs\Pr2semester\Lab7\Lab7FigureClassificator\Lab7FigureClassificator\Paralelogram.h(11,19): error C2027: использование неопределенного типа "Point"
D:\Навчання\Labs\Pr2semester\Lab7\Lab7FigureClassificator\Lab7FigureClassificator\Point.h(3): message : см. объявление "Point"
D:\Навчання\Labs\Pr2semester\Lab7\Lab7FigureClassificator\Lab7FigureClassificator\Rhombus.h(8,2): error C2512: Kite: нет подходящего конструктора по умолчанию
D:\Навчання\Labs\Pr2semester\Lab7\Lab7FigureClassificator\Lab7FigureClassificator\Kite.h(3,7): message : см. объявление "Kite"
D:\Навчання\Labs\Pr2semester\Lab7\Lab7FigureClassificator\Lab7FigureClassificator\Rhombus.h(8,2): error C2512: Paralelogram: нет подходящего конструктора по умолчанию
D:\Навчання\Labs\Pr2semester\Lab7\Lab7FigureClassificator\Lab7FigureClassificator\Paralelogram.h(3,7): message : см. объявление "Paralelogram"
D:\Навчання\Labs\Pr2semester\Lab7\Lab7FigureClassificator\Lab7FigureClassificator\Rhombus.h(10,19): error C2027: использование неопределенного типа "Point"
D:\Навчання\Labs\Pr2semester\Lab7\Lab7FigureClassificator\Lab7FigureClassificator\Point.h(3): message : см. объявление "Point"
D:\Навчання\Labs\Pr2semester\Lab7\Lab7FigureClassificator\Lab7FigureClassificator\Rhombus.h(11,19): error C2027: использование неопределенного типа "Point"
D:\Навчання\Labs\Pr2semester\Lab7\Lab7FigureClassificator\Lab7FigureClassificator\Point.h(3): message : см. объявление "Point"
D:\Навчання\Labs\Pr2semester\Lab7\Lab7FigureClassificator\Lab7FigureClassificator\Rhombus.h(12,19): error C2027: использование неопределенного типа "Point"
D:\Навчання\Labs\Pr2semester\Lab7\Lab7FigureClassificator\Lab7FigureClassificator\Point.h(3): message : см. объявление "Point"
D:\Навчання\Labs\Pr2semester\Lab7\Lab7FigureClassificator\Lab7FigureClassificator\Rhombus.h(13,19): error C2027: использование неопределенного типа "Point"
D:\Навчання\Labs\Pr2semester\Lab7\Lab7FigureClassificator\Lab7FigureClassificator\Point.h(3): message : см. объявление "Point"
D:\Навчання\Labs\Pr2semester\Lab7\Lab7FigureClassificator\Lab7FigureClassificator\IsoscelesTrapezoid.h(6,2): error C2512: Trapezoid: нет подходящего конструктора по умолчанию
D:\Навчання\Labs\Pr2semester\Lab7\Lab7FigureClassificator\Lab7FigureClassificator\Trapezoid.h(3,7): message : см. объявление "Trapezoid"
D:\Навчання\Labs\Pr2semester\Lab7\Lab7FigureClassificator\Lab7FigureClassificator\IsoscelesTrapezoid.h(8,19): error C2027: использование неопределенного типа "Point"
D:\Навчання\Labs\Pr2semester\Lab7\Lab7FigureClassificator\Lab7FigureClassificator\Point.h(3): message : см. объявление "Point"
D:\Навчання\Labs\Pr2semester\Lab7\Lab7FigureClassificator\Lab7FigureClassificator\IsoscelesTrapezoid.h(9,19): error C2027: использование неопределенного типа "Point"
D:\Навчання\Labs\Pr2semester\Lab7\Lab7FigureClassificator\Lab7FigureClassificator\Point.h(3): message : см. объявление "Point"
D:\Навчання\Labs\Pr2semester\Lab7\Lab7FigureClassificator\Lab7FigureClassificator\IsoscelesTrapezoid.h(10,19): error C2027: использование неопределенного типа "Point"
D:\Навчання\Labs\Pr2semester\Lab7\Lab7FigureClassificator\Lab7FigureClassificator\Point.h(3): message : см. объявление "Point"
D:\Навчання\Labs\Pr2semester\Lab7\Lab7FigureClassificator\Lab7FigureClassificator\IsoscelesTrapezoid.h(11,19): error C2027: использование неопределенного типа "Point"
D:\Навчання\Labs\Pr2semester\Lab7\Lab7FigureClassificator\Lab7FigureClassificator\Point.h(3): message : см. объявление "Point"
D:\Навчання\Labs\Pr2semester\Lab7\Lab7FigureClassificator\Lab7FigureClassificator\Rectangle.h(7,2): error C2512: Paralelogram: нет подходящего конструктора по умолчанию
D:\Навчання\Labs\Pr2semester\Lab7\Lab7FigureClassificator\Lab7FigureClassificator\Paralelogram.h(3,7): message : см. объявление "Paralelogram"
D:\Навчання\Labs\Pr2semester\Lab7\Lab7FigureClassificator\Lab7FigureClassificator\Rectangle.h(7,2): error C2512: IsoscelesTrapezoid: нет подходящего конструктора по умолчанию
D:\Навчання\Labs\Pr2semester\Lab7\Lab7FigureClassificator\Lab7FigureClassificator\IsoscelesTrapezoid.h(3,7): message : см. объявление "IsoscelesTrapezoid"
D:\Навчання\Labs\Pr2semester\Lab7\Lab7FigureClassificator\Lab7FigureClassificator\Rectangle.h(9,19): error C2027: использование неопределенного типа "Point"
D:\Навчання\Labs\Pr2semester\Lab7\Lab7FigureClassificator\Lab7FigureClassificator\Point.h(3): message : см. объявление "Point"
D:\Навчання\Labs\Pr2semester\Lab7\Lab7FigureClassificator\Lab7FigureClassificator\Rectangle.h(10,19): error C2027: использование неопределенного типа "Point"
D:\Навчання\Labs\Pr2semester\Lab7\Lab7FigureClassificator\Lab7FigureClassificator\Point.h(3): message : см. объявление "Point"
D:\Навчання\Labs\Pr2semester\Lab7\Lab7FigureClassificator\Lab7FigureClassificator\Rectangle.h(11,19): error C2027: использование неопределенного типа "Point"
D:\Навчання\Labs\Pr2semester\Lab7\Lab7FigureClassificator\Lab7FigureClassificator\Point.h(3): message : см. объявление "Point"
D:\Навчання\Labs\Pr2semester\Lab7\Lab7FigureClassificator\Lab7FigureClassificator\Rectangle.h(12,19): error C2027: использование неопределенного типа "Point"
D:\Навчання\Labs\Pr2semester\Lab7\Lab7FigureClassificator\Lab7FigureClassificator\Point.h(3): message : см. объявление "Point"
D:\Навчання\Labs\Pr2semester\Lab7\Lab7FigureClassificator\Lab7FigureClassificator\Square.h(7,2): error C2512: Rhombus: нет подходящего конструктора по умолчанию
D:\Навчання\Labs\Pr2semester\Lab7\Lab7FigureClassificator\Lab7FigureClassificator\Rhombus.h(5,7): message : см. объявление "Rhombus"
D:\Навчання\Labs\Pr2semester\Lab7\Lab7FigureClassificator\Lab7FigureClassificator\Square.h(7,2): error C2512: Rectangle: нет подходящего конструктора по умолчанию
D:\Навчання\Labs\Pr2semester\Lab7\Lab7FigureClassificator\Lab7FigureClassificator\Rectangle.h(4,7): message : см. объявление "Rectangle"
D:\Навчання\Labs\Pr2semester\Lab7\Lab7FigureClassificator\Lab7FigureClassificator\Square.h(9,34): error C2027: использование неопределенного типа "Point"
D:\Навчання\Labs\Pr2semester\Lab7\Lab7FigureClassificator\Lab7FigureClassificator\Point.h(3): message : см. объявление "Point"
D:\Навчання\Labs\Pr2semester\Lab7\Lab7FigureClassificator\Lab7FigureClassificator\Square.h(10,34): error C2027: использование неопределенного типа "Point"
D:\Навчання\Labs\Pr2semester\Lab7\Lab7FigureClassificator\Lab7FigureClassificator\Point.h(3): message : см. объявление "Point"
D:\Навчання\Labs\Pr2semester\Lab7\Lab7FigureClassificator\Lab7FigureClassificator\Square.h(11,34): error C2027: использование неопределенного типа "Point"
D:\Навчання\Labs\Pr2semester\Lab7\Lab7FigureClassificator\Lab7FigureClassificator\Point.h(3): message : см. объявление "Point"
D:\Навчання\Labs\Pr2semester\Lab7\Lab7FigureClassificator\Lab7FigureClassificator\Square.h(12,34): error C2027: использование неопределенного типа "Point"
D:\Навчання\Labs\Pr2semester\Lab7\Lab7FigureClassificator\Lab7FigureClassificator\Point.h(3): message : см. объявление "Point"
D:\Навчання\Labs\Pr2semester\Lab7\Lab7FigureClassificator\Lab7FigureClassificator\Square.h(14,2): error C2512: Rhombus: нет подходящего конструктора по умолчанию
D:\Навчання\Labs\Pr2semester\Lab7\Lab7FigureClassificator\Lab7FigureClassificator\Rhombus.h(5,7): message : см. объявление "Rhombus"
D:\Навчання\Labs\Pr2semester\Lab7\Lab7FigureClassificator\Lab7FigureClassificator\Square.h(14,2): error C2512: Rectangle: нет подходящего конструктора по умолчанию
D:\Навчання\Labs\Pr2semester\Lab7\Lab7FigureClassificator\Lab7FigureClassificator\Rectangle.h(4,7): message : см. объявление "Rectangle"
D:\Навчання\Labs\Pr2semester\Lab7\Lab7FigureClassificator\Lab7FigureClassificator\Circumference.h(6,31): warning C4305: инициализация: усечение из "double" в "float"
D:\Навчання\Labs\Pr2semester\Lab7\Lab7FigureClassificator\Lab7FigureClassificator\Circumference.h(9,1): error C2504: AreableFigure: не определен базовый класс
D:\Навчання\Labs\Pr2semester\Lab7\Lab7FigureClassificator\Lab7FigureClassificator\Circumference.h(15,19): error C2079: "Circumference::centerPoint" использует не имеющую определения структуру class "Point"
D:\Навчання\Labs\Pr2semester\Lab7\Lab7FigureClassificator\Lab7FigureClassificator\Circumference.h(20,1): error C2011: Circumference: переопределение типа "class"
D:\Навчання\Labs\Pr2semester\Lab7\Lab7FigureClassificator\Lab7FigureClassificator\Circumference.h(8): message : см. объявление "Circumference"
D:\Навчання\Labs\Pr2semester\Lab7\Lab7FigureClassificator\Lab7FigureClassificator\Circle.h(5,1): error C2504: Circumference: не определен базовый класс
D:\Навчання\Labs\Pr2semester\Lab7\Lab7FigureClassificator\Lab7FigureClassificator\Circle.h(19,8): error C3668: Circle::getLength: метод со спецификатором переопределения "override" не переопределяет какие-либо методы базового класса
D:\Навчання\Labs\Pr2semester\Lab7\Lab7FigureClassificator\Lab7FigureClassificator\Circle.h(24,8): error C3668: Circle::getArea: метод со спецификатором переопределения "override" не переопределяет какие-либо методы базового класса
D:\Навчання\Labs\Pr2semester\Lab7\Lab7FigureClassificator\Lab7FigureClassificator\Circle.h(9,1): error C2039: centerPoint: не является членом "Circle"
D:\Навчання\Labs\Pr2semester\Lab7\Lab7FigureClassificator\Lab7FigureClassificator\Circle.h(4): message : см. объявление "Circle"
D:\Навчання\Labs\Pr2semester\Lab7\Lab7FigureClassificator\Lab7FigureClassificator\Circle.h(10,1): error C2039: radiusArray: не является членом "Circle"
D:\Навчання\Labs\Pr2semester\Lab7\Lab7FigureClassificator\Lab7FigureClassificator\Circle.h(4): message : см. объявление "Circle"
D:\Навчання\Labs\Pr2semester\Lab7\Lab7FigureClassificator\Lab7FigureClassificator\Circle.h(15,1): error C2039: centerPoint: не является членом "Circle"
D:\Навчання\Labs\Pr2semester\Lab7\Lab7FigureClassificator\Lab7FigureClassificator\Circle.h(4): message : см. объявление "Circle"
D:\Навчання\Labs\Pr2semester\Lab7\Lab7FigureClassificator\Lab7FigureClassificator\Circle.h(34,1): error C2011: Circle: переопределение типа "class"
D:\Навчання\Labs\Pr2semester\Lab7\Lab7FigureClassificator\Lab7FigureClassificator\Circle.h(4): message : см. объявление "Circle"
D:\Навчання\Labs\Pr2semester\Lab7\Lab7FigureClassificator\Lab7FigureClassificator\Ellipce.h(4,1): error C2504: Circumference: не определен базовый класс
D:\Навчання\Labs\Pr2semester\Lab7\Lab7FigureClassificator\Lab7FigureClassificator\Ellipce.h(19,8): error C3668: Ellipce::getLength: метод со спецификатором переопределения "override" не переопределяет какие-либо методы базового класса
D:\Навчання\Labs\Pr2semester\Lab7\Lab7FigureClassificator\Lab7FigureClassificator\Ellipce.h(24,8): error C3668: Ellipce::getArea: метод со спецификатором переопределения "override" не переопределяет какие-либо методы базового класса
D:\Навчання\Labs\Pr2semester\Lab7\Lab7FigureClassificator\Lab7FigureClassificator\Ellipce.h(8,1): error C2039: centerPoint: не является членом "Ellipce"
D:\Навчання\Labs\Pr2semester\Lab7\Lab7FigureClassificator\Lab7FigureClassificator\Ellipce.h(3): message : см. объявление "Ellipce"
D:\Навчання\Labs\Pr2semester\Lab7\Lab7FigureClassificator\Lab7FigureClassificator\Ellipce.h(9,1): error C2039: radiusArray: не является членом "Ellipce"
D:\Навчання\Labs\Pr2semester\Lab7\Lab7FigureClassificator\Lab7FigureClassificator\Ellipce.h(3): message : см. объявление "Ellipce"
D:\Навчання\Labs\Pr2semester\Lab7\Lab7FigureClassificator\Lab7FigureClassificator\Ellipce.h(14,1): error C2039: centerPoint: не является членом "Ellipce"
D:\Навчання\Labs\Pr2semester\Lab7\Lab7FigureClassificator\Lab7FigureClassificator\Ellipce.h(3): message : см. объявление "Ellipce"
D:\Навчання\Labs\Pr2semester\Lab7\Lab7FigureClassificator\Lab7FigureClassificator\Ellipce.h(35,1): error C2011: Ellipce: переопределение типа "class"
D:\Навчання\Labs\Pr2semester\Lab7\Lab7FigureClassificator\Lab7FigureClassificator\Ellipce.h(3): message : см. объявление "Ellipce"
  Point.cpp
D:\Навчання\Labs\Pr2semester\Lab7\Lab7FigureClassificator\Lab7FigureClassificator\Point.h(19,1): error C2011: Point: переопределение типа "class"
D:\Навчання\Labs\Pr2semester\Lab7\Lab7FigureClassificator\Lab7FigureClassificator\Point.h(3): message : см. объявление "Point"
D:\Навчання\Labs\Pr2semester\Lab7\Lab7FigureClassificator\Lab7FigureClassificator\Point.cpp(3,8): error C2027: использование неопределенного типа "Point"
D:\Навчання\Labs\Pr2semester\Lab7\Lab7FigureClassificator\Lab7FigureClassificator\Point.h(3): message : см. объявление "Point"
D:\Навчання\Labs\Pr2semester\Lab7\Lab7FigureClassificator\Lab7FigureClassificator\Point.cpp(4,1): error C4430: отсутствует спецификатор типа - предполагается int. Примечание. C++ не поддерживает int по умолчанию
D:\Навчання\Labs\Pr2semester\Lab7\Lab7FigureClassificator\Lab7FigureClassificator\Point.cpp(5,2): error C2355: "this": может указываться только в нестатических членах-функциях или инициализаторах нестатических членов данных
D:\Навчання\Labs\Pr2semester\Lab7\Lab7FigureClassificator\Lab7FigureClassificator\Point.cpp(6,2): error C2355: "this": может указываться только в нестатических членах-функциях или инициализаторах нестатических членов данных
D:\Навчання\Labs\Pr2semester\Lab7\Lab7FigureClassificator\Lab7FigureClassificator\Point.cpp(7,1): warning C4508: {ctor}: функция должна возвращать значение; предполагается возвращаемый тип "void"
D:\Навчання\Labs\Pr2semester\Lab7\Lab7FigureClassificator\Lab7FigureClassificator\Point.cpp(9,9): error C2027: использование неопределенного типа "Point"
D:\Навчання\Labs\Pr2semester\Lab7\Lab7FigureClassificator\Lab7FigureClassificator\Point.h(3): message : см. объявление "Point"
D:\Навчання\Labs\Pr2semester\Lab7\Lab7FigureClassificator\Lab7FigureClassificator\Point.cpp(10,1): error C4430: отсутствует спецификатор типа - предполагается int. Примечание. C++ не поддерживает int по умолчанию
D:\Навчання\Labs\Pr2semester\Lab7\Lab7FigureClassificator\Lab7FigureClassificator\Point.cpp(11,1): warning C4508: {dtor}: функция должна возвращать значение; предполагается возвращаемый тип "void"
D:\Навчання\Labs\Pr2semester\Lab7\Lab7FigureClassificator\Lab7FigureClassificator\Point.cpp(13,14): error C2027: использование неопределенного типа "Point"
D:\Навчання\Labs\Pr2semester\Lab7\Lab7FigureClassificator\Lab7FigureClassificator\Point.h(3): message : см. объявление "Point"
D:\Навчання\Labs\Pr2semester\Lab7\Lab7FigureClassificator\Lab7FigureClassificator\Point.cpp(15,9): error C2355: "this": может указываться только в нестатических членах-функциях или инициализаторах нестатических членов данных
D:\Навчання\Labs\Pr2semester\Lab7\Lab7FigureClassificator\Lab7FigureClassificator\Point.cpp(18,14): error C2027: использование неопределенного типа "Point"
D:\Навчання\Labs\Pr2semester\Lab7\Lab7FigureClassificator\Lab7FigureClassificator\Point.h(3): message : см. объявление "Point"
D:\Навчання\Labs\Pr2semester\Lab7\Lab7FigureClassificator\Lab7FigureClassificator\Point.cpp(20,9): error C2355: "this": может указываться только в нестатических членах-функциях или инициализаторах нестатических членов данных
D:\Навчання\Labs\Pr2semester\Lab7\Lab7FigureClassificator\Lab7FigureClassificator\Point.cpp(23,14): error C2027: использование неопределенного типа "Point"
D:\Навчання\Labs\Pr2semester\Lab7\Lab7FigureClassificator\Lab7FigureClassificator\Point.h(3): message : см. объявление "Point"
D:\Навчання\Labs\Pr2semester\Lab7\Lab7FigureClassificator\Lab7FigureClassificator\Point.cpp(25,18): error C2355: "this": может указываться только в нестатических членах-функциях или инициализаторах нестатических членов данных
D:\Навчання\Labs\Pr2semester\Lab7\Lab7FigureClassificator\Lab7FigureClassificator\Point.cpp(25,29): error C2027: использование неопределенного типа "Point"
D:\Навчання\Labs\Pr2semester\Lab7\Lab7FigureClassificator\Lab7FigureClassificator\Point.h(3): message : см. объявление "Point"
D:\Навчання\Labs\Pr2semester\Lab7\Lab7FigureClassificator\Lab7FigureClassificator\Point.cpp(25,47): error C2355: "this": может указываться только в нестатических членах-функциях или инициализаторах нестатических членов данных
D:\Навчання\Labs\Pr2semester\Lab7\Lab7FigureClassificator\Lab7FigureClassificator\Point.cpp(25,58): error C2027: использование неопределенного типа "Point"
D:\Навчання\Labs\Pr2semester\Lab7\Lab7FigureClassificator\Lab7FigureClassificator\Point.h(3): message : см. объявление "Point"
D:\Навчання\Labs\Pr2semester\Lab7\Lab7FigureClassificator\Lab7FigureClassificator\Point.cpp(28,14): error C2027: использование неопределенного типа "Point"
D:\Навчання\Labs\Pr2semester\Lab7\Lab7FigureClassificator\Lab7FigureClassificator\Point.h(3): message : см. объявление "Point"
D:\Навчання\Labs\Pr2semester\Lab7\Lab7FigureClassificator\Lab7FigureClassificator\Point.cpp(30,18): error C2355: "this": может указываться только в нестатических членах-функциях или инициализаторах нестатических членов данных
D:\Навчання\Labs\Pr2semester\Lab7\Lab7FigureClassificator\Lab7FigureClassificator\Point.cpp(30,40): error C2355: "this": может указываться только в нестатических членах-функциях или инициализаторах нестатических членов данных
  Polygon.cpp
D:\Навчання\Labs\Pr2semester\Lab7\Lab7FigureClassificator\Lab7FigureClassificator\AreableFigure.h(10,1): error C2011: AreableFigure: переопределение типа "class"
D:\Навчання\Labs\Pr2semester\Lab7\Lab7FigureClassificator\Lab7FigureClassificator\AreableFigure.h(3): message : см. объявление "AreableFigure"
D:\Навчання\Labs\Pr2semester\Lab7\Lab7FigureClassificator\Lab7FigureClassificator\Point.h(19,1): error C2011: Point: переопределение типа "class"
D:\Навчання\Labs\Pr2semester\Lab7\Lab7FigureClassificator\Lab7FigureClassificator\Point.h(3): message : см. объявление "Point"
D:\Навчання\Labs\Pr2semester\Lab7\Lab7FigureClassificator\Lab7FigureClassificator\Polygon.h(7,1): error C2504: AreableFigure: не определен базовый класс
D:\Навчання\Labs\Pr2semester\Lab7\Lab7FigureClassificator\Lab7FigureClassificator\Polygon.cpp(16,20): warning C4018: <: несоответствие типов со знаком и без знака
D:\Навчання\Labs\Pr2semester\Lab7\Lab7FigureClassificator\Lab7FigureClassificator\Polygon.cpp(18,24): error C2027: использование неопределенного типа "Point"
D:\Навчання\Labs\Pr2semester\Lab7\Lab7FigureClassificator\Lab7FigureClassificator\Point.h(3): message : см. объявление "Point"
D:\Навчання\Labs\Pr2semester\Lab7\Lab7FigureClassificator\Lab7FigureClassificator\Polygon.cpp(20,40): error C2027: использование неопределенного типа "Point"
D:\Навчання\Labs\Pr2semester\Lab7\Lab7FigureClassificator\Lab7FigureClassificator\Point.h(3): message : см. объявление "Point"
  Segment.cpp
D:\Навчання\Labs\Pr2semester\Lab7\Lab7FigureClassificator\Lab7FigureClassificator\Point.h(19,1): error C2011: Point: переопределение типа "class"
D:\Навчання\Labs\Pr2semester\Lab7\Lab7FigureClassificator\Lab7FigureClassificator\Point.h(3): message : см. объявление "Point"
D:\Навчання\Labs\Pr2semester\Lab7\Lab7FigureClassificator\Lab7FigureClassificator\Segment.h(15,15): error C2079: "Segment::vertex1" использует не имеющую определения структуру class "Point"
D:\Навчання\Labs\Pr2semester\Lab7\Lab7FigureClassificator\Lab7FigureClassificator\Segment.h(16,15): error C2079: "Segment::vertex2" использует не имеющую определения структуру class "Point"
D:\Навчання\Labs\Pr2semester\Lab7\Lab7FigureClassificator\Lab7FigureClassificator\Segment.h(20,1): error C2011: Segment: переопределение типа "class"
D:\Навчання\Labs\Pr2semester\Lab7\Lab7FigureClassificator\Lab7FigureClassificator\Segment.h(4): message : см. объявление "Segment"
D:\Навчання\Labs\Pr2semester\Lab7\Lab7FigureClassificator\Lab7FigureClassificator\Segment.cpp(4,10): error C2027: использование неопределенного типа "Segment"
D:\Навчання\Labs\Pr2semester\Lab7\Lab7FigureClassificator\Lab7FigureClassificator\Segment.h(4): message : см. объявление "Segment"
D:\Навчання\Labs\Pr2semester\Lab7\Lab7FigureClassificator\Lab7FigureClassificator\Segment.cpp(5,1): error C4430: отсутствует спецификатор типа - предполагается int. Примечание. C++ не поддерживает int по умолчанию
D:\Навчання\Labs\Pr2semester\Lab7\Lab7FigureClassificator\Lab7FigureClassificator\Segment.cpp(6,2): error C2355: "this": может указываться только в нестатических членах-функциях или инициализаторах нестатических членов данных
D:\Навчання\Labs\Pr2semester\Lab7\Lab7FigureClassificator\Lab7FigureClassificator\Segment.cpp(7,2): error C2355: "this": может указываться только в нестатических членах-функциях или инициализаторах нестатических членов данных
D:\Навчання\Labs\Pr2semester\Lab7\Lab7FigureClassificator\Lab7FigureClassificator\Segment.cpp(8,1): warning C4508: {ctor}: функция должна возвращать значение; предполагается возвращаемый тип "void"
D:\Навчання\Labs\Pr2semester\Lab7\Lab7FigureClassificator\Lab7FigureClassificator\Segment.cpp(10,16): error C2027: использование неопределенного типа "Segment"
D:\Навчання\Labs\Pr2semester\Lab7\Lab7FigureClassificator\Lab7FigureClassificator\Segment.h(4): message : см. объявление "Segment"
D:\Навчання\Labs\Pr2semester\Lab7\Lab7FigureClassificator\Lab7FigureClassificator\Segment.cpp(12,9): error C2355: "this": может указываться только в нестатических членах-функциях или инициализаторах нестатических членов данных
D:\Навчання\Labs\Pr2semester\Lab7\Lab7FigureClassificator\Lab7FigureClassificator\Segment.cpp(12,36): error C2355: "this": может указываться только в нестатических членах-функциях или инициализаторах нестатических членов данных
D:\Навчання\Labs\Pr2semester\Lab7\Lab7FigureClassificator\Lab7FigureClassificator\Segment.cpp(15,15): error C2027: использование неопределенного типа "Segment"
D:\Навчання\Labs\Pr2semester\Lab7\Lab7FigureClassificator\Lab7FigureClassificator\Segment.h(4): message : см. объявление "Segment"
D:\Навчання\Labs\Pr2semester\Lab7\Lab7FigureClassificator\Lab7FigureClassificator\Segment.cpp(17,15): error C2027: использование неопределенного типа "Segment"
D:\Навчання\Labs\Pr2semester\Lab7\Lab7FigureClassificator\Lab7FigureClassificator\Segment.h(4): message : см. объявление "Segment"
D:\Навчання\Labs\Pr2semester\Lab7\Lab7FigureClassificator\Lab7FigureClassificator\Segment.cpp(17,31): error C2027: использование неопределенного типа "Segment"
D:\Навчання\Labs\Pr2semester\Lab7\Lab7FigureClassificator\Lab7FigureClassificator\Segment.h(4): message : см. объявление "Segment"
D:\Навчання\Labs\Pr2semester\Lab7\Lab7FigureClassificator\Lab7FigureClassificator\Segment.cpp(17,46): error C2027: использование неопределенного типа "Segment"
D:\Навчання\Labs\Pr2semester\Lab7\Lab7FigureClassificator\Lab7FigureClassificator\Segment.h(4): message : см. объявление "Segment"
D:\Навчання\Labs\Pr2semester\Lab7\Lab7FigureClassificator\Lab7FigureClassificator\Segment.cpp(17,62): error C2027: использование неопределенного типа "Segment"
D:\Навчання\Labs\Pr2semester\Lab7\Lab7FigureClassificator\Lab7FigureClassificator\Segment.h(4): message : см. объявление "Segment"
D:\Навчання\Labs\Pr2semester\Lab7\Lab7FigureClassificator\Lab7FigureClassificator\Segment.cpp(17,74): error C2079: "aVect" использует не имеющую определения структуру class "Point"
D:\Навчання\Labs\Pr2semester\Lab7\Lab7FigureClassificator\Lab7FigureClassificator\Segment.cpp(18,15): error C2027: использование неопределенного типа "Segment"
D:\Навчання\Labs\Pr2semester\Lab7\Lab7FigureClassificator\Lab7FigureClassificator\Segment.h(4): message : см. объявление "Segment"
D:\Навчання\Labs\Pr2semester\Lab7\Lab7FigureClassificator\Lab7FigureClassificator\Segment.cpp(18,31): error C2027: использование неопределенного типа "Segment"
D:\Навчання\Labs\Pr2semester\Lab7\Lab7FigureClassificator\Lab7FigureClassificator\Segment.h(4): message : см. объявление "Segment"
D:\Навчання\Labs\Pr2semester\Lab7\Lab7FigureClassificator\Lab7FigureClassificator\Segment.cpp(18,46): error C2027: использование неопределенного типа "Segment"
D:\Навчання\Labs\Pr2semester\Lab7\Lab7FigureClassificator\Lab7FigureClassificator\Segment.h(4): message : см. объявление "Segment"
D:\Навчання\Labs\Pr2semester\Lab7\Lab7FigureClassificator\Lab7FigureClassificator\Segment.cpp(18,62): error C2027: использование неопределенного типа "Segment"
D:\Навчання\Labs\Pr2semester\Lab7\Lab7FigureClassificator\Lab7FigureClassificator\Segment.h(4): message : см. объявление "Segment"
D:\Навчання\Labs\Pr2semester\Lab7\Lab7FigureClassificator\Lab7FigureClassificator\Segment.cpp(18,74): error C2079: "bVect" использует не имеющую определения структуру class "Point"
D:\Навчання\Labs\Pr2semester\Lab7\Lab7FigureClassificator\Lab7FigureClassificator\Segment.cpp(30,15): error C2027: использование неопределенного типа "Segment"
D:\Навчання\Labs\Pr2semester\Lab7\Lab7FigureClassificator\Lab7FigureClassificator\Segment.h(4): message : см. объявление "Segment"
D:\Навчання\Labs\Pr2semester\Lab7\Lab7FigureClassificator\Lab7FigureClassificator\Segment.cpp(32,15): error C2027: использование неопределенного типа "Segment"
D:\Навчання\Labs\Pr2semester\Lab7\Lab7FigureClassificator\Lab7FigureClassificator\Segment.h(4): message : см. объявление "Segment"
D:\Навчання\Labs\Pr2semester\Lab7\Lab7FigureClassificator\Lab7FigureClassificator\Segment.cpp(32,31): error C2027: использование неопределенного типа "Segment"
D:\Навчання\Labs\Pr2semester\Lab7\Lab7FigureClassificator\Lab7FigureClassificator\Segment.h(4): message : см. объявление "Segment"
D:\Навчання\Labs\Pr2semester\Lab7\Lab7FigureClassificator\Lab7FigureClassificator\Segment.cpp(32,46): error C2027: использование неопределенного типа "Segment"
D:\Навчання\Labs\Pr2semester\Lab7\Lab7FigureClassificator\Lab7FigureClassificator\Segment.h(4): message : см. объявление "Segment"
D:\Навчання\Labs\Pr2semester\Lab7\Lab7FigureClassificator\Lab7FigureClassificator\Segment.cpp(32,62): error C2027: использование неопределенного типа "Segment"
D:\Навчання\Labs\Pr2semester\Lab7\Lab7FigureClassificator\Lab7FigureClassificator\Segment.h(4): message : см. объявление "Segment"
D:\Навчання\Labs\Pr2semester\Lab7\Lab7FigureClassificator\Lab7FigureClassificator\Segment.cpp(32,74): error C2079: "aVect" использует не имеющую определения структуру class "Point"
D:\Навчання\Labs\Pr2semester\Lab7\Lab7FigureClassificator\Lab7FigureClassificator\Segment.cpp(33,15): error C2027: использование неопределенного типа "Segment"
D:\Навчання\Labs\Pr2semester\Lab7\Lab7FigureClassificator\Lab7FigureClassificator\Segment.h(4): message : см. объявление "Segment"
D:\Навчання\Labs\Pr2semester\Lab7\Lab7FigureClassificator\Lab7FigureClassificator\Segment.cpp(33,31): error C2027: использование неопределенного типа "Segment"
D:\Навчання\Labs\Pr2semester\Lab7\Lab7FigureClassificator\Lab7FigureClassificator\Segment.h(4): message : см. объявление "Segment"
D:\Навчання\Labs\Pr2semester\Lab7\Lab7FigureClassificator\Lab7FigureClassificator\Segment.cpp(33,46): error C2027: использование неопределенного типа "Segment"
D:\Навчання\Labs\Pr2semester\Lab7\Lab7FigureClassificator\Lab7FigureClassificator\Segment.h(4): message : см. объявление "Segment"
D:\Навчання\Labs\Pr2semester\Lab7\Lab7FigureClassificator\Lab7FigureClassificator\Segment.cpp(33,62): error C2027: использование неопределенного типа "Segment"
D:\Навчання\Labs\Pr2semester\Lab7\Lab7FigureClassificator\Lab7FigureClassificator\Segment.h(4): message : см. объявление "Segment"
D:\Навчання\Labs\Pr2semester\Lab7\Lab7FigureClassificator\Lab7FigureClassificator\Segment.cpp(33,74): error C2079: "bVect" использует не имеющую определения структуру class "Point"
D:\Навчання\Labs\Pr2semester\Lab7\Lab7FigureClassificator\Lab7FigureClassificator\Segment.cpp(39,16): error C2027: использование неопределенного типа "Segment"
D:\Навчання\Labs\Pr2semester\Lab7\Lab7FigureClassificator\Lab7FigureClassificator\Segment.h(4): message : см. объявление "Segment"
D:\Навчання\Labs\Pr2semester\Lab7\Lab7FigureClassificator\Lab7FigureClassificator\Segment.cpp(41,15): error C2027: использование неопределенного типа "Segment"
D:\Навчання\Labs\Pr2semester\Lab7\Lab7FigureClassificator\Lab7FigureClassificator\Segment.h(4): message : см. объявление "Segment"
D:\Навчання\Labs\Pr2semester\Lab7\Lab7FigureClassificator\Lab7FigureClassificator\Segment.cpp(41,31): error C2027: использование неопределенного типа "Segment"
D:\Навчання\Labs\Pr2semester\Lab7\Lab7FigureClassificator\Lab7FigureClassificator\Segment.h(4): message : см. объявление "Segment"
D:\Навчання\Labs\Pr2semester\Lab7\Lab7FigureClassificator\Lab7FigureClassificator\Segment.cpp(41,46): error C2027: использование неопределенного типа "Segment"
D:\Навчання\Labs\Pr2semester\Lab7\Lab7FigureClassificator\Lab7FigureClassificator\Segment.h(4): message : см. объявление "Segment"
D:\Навчання\Labs\Pr2semester\Lab7\Lab7FigureClassificator\Lab7FigureClassificator\Segment.cpp(41,62): error C2027: использование неопределенного типа "Segment"
D:\Навчання\Labs\Pr2semester\Lab7\Lab7FigureClassificator\Lab7FigureClassificator\Segment.h(4): message : см. объявление "Segment"
D:\Навчання\Labs\Pr2semester\Lab7\Lab7FigureClassificator\Lab7FigureClassificator\Segment.cpp(41,74): error C2079: "aVect" использует не имеющую определения структуру class "Point"
D:\Навчання\Labs\Pr2semester\Lab7\Lab7FigureClassificator\Lab7FigureClassificator\Segment.cpp(42,15): error C2027: использование неопределенного типа "Segment"
D:\Навчання\Labs\Pr2semester\Lab7\Lab7FigureClassificator\Lab7FigureClassificator\Segment.h(4): message : см. объявление "Segment"
D:\Навчання\Labs\Pr2semester\Lab7\Lab7FigureClassificator\Lab7FigureClassificator\Segment.cpp(42,31): error C2027: использование неопределенного типа "Segment"
D:\Навчання\Labs\Pr2semester\Lab7\Lab7FigureClassificator\Lab7FigureClassificator\Segment.h(4): message : см. объявление "Segment"
D:\Навчання\Labs\Pr2semester\Lab7\Lab7FigureClassificator\Lab7FigureClassificator\Segment.cpp(42,46): error C2027: использование неопределенного типа "Segment"
D:\Навчання\Labs\Pr2semester\Lab7\Lab7FigureClassificator\Lab7FigureClassificator\Segment.h(4): message : см. объявление "Segment"
D:\Навчання\Labs\Pr2semester\Lab7\Lab7FigureClassificator\Lab7FigureClassificator\Segment.cpp(42,62): error C2027: использование неопределенного типа "Segment"
D:\Навчання\Labs\Pr2semester\Lab7\Lab7FigureClassificator\Lab7FigureClassificator\Segment.h(4): message : см. объявление "Segment"
D:\Навчання\Labs\Pr2semester\Lab7\Lab7FigureClassificator\Lab7FigureClassificator\Segment.cpp(42,74): error C2079: "bVect" использует не имеющую определения структуру class "Point"
D:\Навчання\Labs\Pr2semester\Lab7\Lab7FigureClassificator\Lab7FigureClassificator\Segment.cpp(53,16): error C2027: использование неопределенного типа "Segment"
D:\Навчання\Labs\Pr2semester\Lab7\Lab7FigureClassificator\Lab7FigureClassificator\Segment.h(4): message : см. объявление "Segment"
D:\Навчання\Labs\Pr2semester\Lab7\Lab7FigureClassificator\Lab7FigureClassificator\Segment.cpp(54,1): error C2027: использование неопределенного типа "Point"
D:\Навчання\Labs\Pr2semester\Lab7\Lab7FigureClassificator\Lab7FigureClassificator\Point.h(3): message : см. объявление "Point"
D:\Навчання\Labs\Pr2semester\Lab7\Lab7FigureClassificator\Lab7FigureClassificator\Segment.cpp(55,9): error C2355: "this": может указываться только в нестатических членах-функциях или инициализаторах нестатических членов данных
D:\Навчання\Labs\Pr2semester\Lab7\Lab7FigureClassificator\Lab7FigureClassificator\Segment.cpp(58,16): error C2027: использование неопределенного типа "Segment"
D:\Навчання\Labs\Pr2semester\Lab7\Lab7FigureClassificator\Lab7FigureClassificator\Segment.h(4): message : см. объявление "Segment"
D:\Навчання\Labs\Pr2semester\Lab7\Lab7FigureClassificator\Lab7FigureClassificator\Segment.cpp(59,1): error C2027: использование неопределенного типа "Point"
D:\Навчання\Labs\Pr2semester\Lab7\Lab7FigureClassificator\Lab7FigureClassificator\Point.h(3): message : см. объявление "Point"
D:\Навчання\Labs\Pr2semester\Lab7\Lab7FigureClassificator\Lab7FigureClassificator\Segment.cpp(60,9): error C2355: "this": может указываться только в нестатических членах-функциях или инициализаторах нестатических членов данных
  Создание кода...
